<?xml version="1.0" encoding="UTF-8"?>
<!-- Generated by org.testng.reporters.JUnitXMLReporter -->
<testsuite hostname="user-PC" ignored="0" name="Surefire test" tests="4" failures="0" timestamp="28 Feb 2018 11:18:42 GMT" time="0.161" errors="0">
  <testcase name="vikas" time="0.05" classname="qaclickacademy.com.AppiumTest"/>
  <testcase name="vinay" time="0.0" classname="qaclickacademy.com.AppiumTest"/>
  <testcase name="kalpi" time="0.0" classname="qaclickacademy.com.RestAPITest"/>
  <testcase name="kanpur" time="0.0" classname="qaclickacademy.com.RestAPITest"/>
</testsuite> <!-- Surefire test -->
