<?xml version="1.0" encoding="UTF-8"?>
<!-- Generated by org.testng.reporters.JUnitXMLReporter -->
<testsuite hostname="user-PC" ignored="0" name="Surefire test" tests="4" failures="0" timestamp="30 Apr 2018 12:57:09 GMT" time="0.082" errors="0">
  <testcase name="vikas" time="0.019" classname="qaclickacademy.com.AppiumTest"/>
  <testcase name="vinay" time="0.0" classname="qaclickacademy.com.AppiumTest"/>
  <testcase name="kalpi" time="0.0" classname="qaclickacademy.com.RestAPITest"/>
  <testcase name="kanpur" time="0.004" classname="qaclickacademy.com.RestAPITest"/>
</testsuite> <!-- Surefire test -->
