<?xml version="1.0" encoding="UTF-8"?>
<!-- Generated by org.testng.reporters.JUnitXMLReporter -->
<testsuite hostname="user-PC" ignored="0" name="Test" tests="2" failures="1" timestamp="30 Apr 2018 13:05:44 GMT" time="0.083" errors="0">
  <testcase name="back" time="0.022" classname="qaclickacademy.com.Seleniumnest"/>
  <testcase name="front" time="0.003" classname="qaclickacademy.com.Seleniumnest">
    <failure type="java.lang.Error" message="Unresolved compilation problem: 
	Systems cannot be resolved
">
      <![CDATA[java.lang.Error: Unresolved compilation problem: 
	Systems cannot be resolved

	at qaclickacademy.com.Seleniumnest.front(Seleniumnest.java:12)
... Removed 25 stack frames]]>
    </failure>
  </testcase> <!-- front -->
</testsuite> <!-- Test -->
