<?xml version="1.0" encoding="UTF-8"?>
<testsuite xmlns:xsi="http://www.w3.org/2001/XMLSchema-instance" xsi:noNamespaceSchemaLocation="https://maven.apache.org/surefire/maven-surefire-plugin/xsd/surefire-test-report.xsd" name="TestSuite" time="0.935" tests="2" errors="0" skipped="0" failures="1">
  <properties>
[...]
</properties>
  <testcase name="back" classname="qaclickacademy.com.Seleniumnest" time="0.022"/>
  <testcase name="front" classname="qaclickacademy.com.Seleniumnest" time="0.012">
    <failure message="Unresolved compilation problem: &#10;	Systems cannot be resolved&#10;" type="java.lang.Error">java.lang.Error: 
Unresolved compilation problem: 
	Systems cannot be resolved

	at qaclickacademy.com.Seleniumnest.front(Seleniumnest.java:12)
</failure>
  </testcase>
</testsuite>