<?xml version="1.0" encoding="UTF-8"?>
<testng-results skipped="0" failed="0" ignored="0" total="4" passed="4">
  <reporter-output>
  </reporter-output>
  <suite name="Surefire suite" duration-ms="161" started-at="2018-02-28T11:18:42Z" finished-at="2018-02-28T11:18:42Z">
    <groups>
    </groups>
    <test name="Surefire test" duration-ms="161" started-at="2018-02-28T11:18:42Z" finished-at="2018-02-28T11:18:42Z">
      <class name="qaclickacademy.com.RestAPITest">
        <test-method status="PASS" signature="kalpi()[pri:0, instance:qaclickacademy.com.RestAPITest@1565ec2]" name="kalpi" duration-ms="0" started-at="2018-02-28T11:18:42Z" finished-at="2018-02-28T11:18:42Z">
          <reporter-output>
          </reporter-output>
        </test-method> <!-- kalpi -->
        <test-method status="PASS" signature="kanpur()[pri:0, instance:qaclickacademy.com.RestAPITest@1565ec2]" name="kanpur" duration-ms="0" started-at="2018-02-28T11:18:42Z" finished-at="2018-02-28T11:18:42Z">
          <reporter-output>
          </reporter-output>
        </test-method> <!-- kanpur -->
      </class> <!-- qaclickacademy.com.RestAPITest -->
      <class name="qaclickacademy.com.AppiumTest">
        <test-method status="PASS" signature="vikas()[pri:0, instance:qaclickacademy.com.AppiumTest@be2bc2]" name="vikas" duration-ms="50" started-at="2018-02-28T11:18:42Z" finished-at="2018-02-28T11:18:42Z">
          <reporter-output>
          </reporter-output>
        </test-method> <!-- vikas -->
        <test-method status="PASS" signature="vinay()[pri:0, instance:qaclickacademy.com.AppiumTest@be2bc2]" name="vinay" duration-ms="0" started-at="2018-02-28T11:18:42Z" finished-at="2018-02-28T11:18:42Z">
          <reporter-output>
          </reporter-output>
        </test-method> <!-- vinay -->
      </class> <!-- qaclickacademy.com.AppiumTest -->
    </test> <!-- Surefire test -->
  </suite> <!-- Surefire suite -->
</testng-results>
