<?xml version="1.0" encoding="UTF-8"?>
<testng-results skipped="0" failed="0" ignored="0" total="2" passed="2">
  <reporter-output>
  </reporter-output>
  <suite name="Default suite" duration-ms="114" started-at="2018-02-28T11:03:37Z" finished-at="2018-02-28T11:03:37Z">
    <groups>
    </groups>
    <test name="Default test" duration-ms="114" started-at="2018-02-28T11:03:37Z" finished-at="2018-02-28T11:03:37Z">
      <class name="qaclickacademy.com.AppiumTest">
        <test-method status="PASS" signature="vikas()[pri:0, instance:qaclickacademy.com.AppiumTest@193948d]" name="vikas" duration-ms="29" started-at="2018-02-28T16:33:37Z" finished-at="2018-02-28T16:33:37Z">
          <reporter-output>
          </reporter-output>
        </test-method> <!-- vikas -->
        <test-method status="PASS" signature="vinay()[pri:0, instance:qaclickacademy.com.AppiumTest@193948d]" name="vinay" duration-ms="2" started-at="2018-02-28T16:33:37Z" finished-at="2018-02-28T16:33:37Z">
          <reporter-output>
          </reporter-output>
        </test-method> <!-- vinay -->
      </class> <!-- qaclickacademy.com.AppiumTest -->
    </test> <!-- Default test -->
  </suite> <!-- Default suite -->
</testng-results>
